<?xml version="1.0" encoding="UTF-8"?>
<coverage generated="1719959002126" clover="3.2.0">
  <project timestamp="1719959002127" name="All files">
    <metrics statements="9" coveredstatements="9" conditionals="5" coveredconditionals="5" methods="2" coveredmethods="2" elements="16" coveredelements="16" complexity="0" loc="9" ncloc="9" packages="1" files="1" classes="1"/>
    <file name="password_checker.ts" path="/home/easythunder/learning/testDrivenDevelopment/udemy_jest/src/app/password_checker/password_checker.ts">
      <metrics statements="9" coveredstatements="9" conditionals="5" coveredconditionals="5" methods="2" coveredmethods="2"/>
      <line num="5" count="1" type="cond" truecount="2" falsecount="0"/>
      <line num="6" count="1" type="stmt"/>
      <line num="7" count="1" type="stmt"/>
      <line num="8" count="1" type="stmt"/>
      <line num="16" count="1" type="stmt"/>
      <line num="19" count="4" type="stmt"/>
      <line num="21" count="4" type="cond" truecount="1" falsecount="0"/>
      <line num="22" count="1" type="stmt"/>
      <line num="25" count="4" type="stmt"/>
    </file>
  </project>
</coverage>
