TN:
SF:src/app/password_checker/password_checker.ts
FN:5,(anonymous_0)
FN:18,(anonymous_1)
FN:35,(anonymous_2)
FN:44,(anonymous_3)
FN:49,(anonymous_4)
FN:54,(anonymous_5)
FN:60,(anonymous_6)
FNF:7
FNH:7
FNDA:1,(anonymous_0)
FNDA:6,(anonymous_1)
FNDA:2,(anonymous_2)
FNDA:6,(anonymous_3)
FNDA:6,(anonymous_4)
FNDA:6,(anonymous_5)
FNDA:2,(anonymous_6)
DA:5,1
DA:6,1
DA:7,1
DA:8,1
DA:9,1
DA:17,1
DA:20,6
DA:22,6
DA:23,6
DA:24,6
DA:28,6
DA:36,2
DA:37,2
DA:39,2
DA:45,6
DA:46,1
DA:50,6
DA:51,3
DA:55,6
DA:56,2
DA:61,2
DA:62,2
DA:63,1
LF:23
LH:23
BRDA:5,0,0,1
BRDA:5,0,1,1
BRDA:29,1,0,4
BRDA:29,1,1,2
BRDA:40,2,0,1
BRDA:40,2,1,1
BRDA:45,3,0,1
BRDA:50,4,0,3
BRDA:55,5,0,2
BRDA:62,6,0,1
BRF:10
BRH:10
end_of_record
